0 info it worked if it ends with ok
1 verbose cli [ 'node', '/usr/local/bin/npm', 'install', '-g', 'famous-cli' ]
2 info using npm@2.10.1
3 info using node@v0.12.4
4 verbose install initial load of /usr/local/lib/package.json
5 verbose readDependencies loading dependencies from /usr/local/lib/package.json
6 silly cache add args [ 'famous-cli', null ]
7 verbose cache add spec famous-cli
8 silly cache add parsed spec { raw: 'famous-cli',
8 silly cache add   scope: null,
8 silly cache add   name: 'famous-cli',
8 silly cache add   rawSpec: '',
8 silly cache add   spec: '*',
8 silly cache add   type: 'range' }
9 silly addNamed famous-cli@*
10 verbose addNamed "*" is a valid semver range for famous-cli
11 silly addNameRange { name: 'famous-cli', range: '*', hasData: false }
12 silly mapToRegistry name famous-cli
13 silly mapToRegistry using default registry
14 silly mapToRegistry registry https://registry.npmjs.org/
15 silly mapToRegistry uri https://registry.npmjs.org/famous-cli
16 verbose addNameRange registry:https://registry.npmjs.org/famous-cli not in flight; fetching
17 verbose request uri https://registry.npmjs.org/famous-cli
18 verbose request no auth needed
19 info attempt registry request try #1 at 6:04:01 PM
20 verbose request id 0e6a7a69ea90b7e3
21 verbose etag "8KK4O8TGO5UC31YT7UDLF8D62"
22 http request GET https://registry.npmjs.org/famous-cli
23 http 304 https://registry.npmjs.org/famous-cli
24 silly get cb [ 304,
24 silly get   { date: 'Tue, 09 Jun 2015 01:04:01 GMT',
24 silly get     via: '1.1 varnish',
24 silly get     'cache-control': 'max-age=60',
24 silly get     etag: '"8KK4O8TGO5UC31YT7UDLF8D62"',
24 silly get     age: '0',
24 silly get     connection: 'keep-alive',
24 silly get     'x-served-by': 'cache-atl6233-ATL',
24 silly get     'x-cache': 'HIT',
24 silly get     'x-cache-hits': '1',
24 silly get     'x-timer': 'S1433811841.655741,VS0,VE82',
24 silly get     vary: 'Accept' } ]
25 verbose etag https://registry.npmjs.org/famous-cli from cache
26 verbose get saving famous-cli to /Users/libin/.npm/registry.npmjs.org/famous-cli/.cache.json
27 silly addNameRange number 2 { name: 'famous-cli', range: '*', hasData: true }
28 silly addNameRange versions [ 'famous-cli',
28 silly addNameRange   [ '0.0.1',
28 silly addNameRange     '0.1.2',
28 silly addNameRange     '0.1.4',
28 silly addNameRange     '0.2.0',
28 silly addNameRange     '0.2.1',
28 silly addNameRange     '0.2.2',
28 silly addNameRange     '0.2.3',
28 silly addNameRange     '0.2.4',
28 silly addNameRange     '0.2.5',
28 silly addNameRange     '0.2.6',
28 silly addNameRange     '0.2.7',
28 silly addNameRange     '0.2.8',
28 silly addNameRange     '0.2.9',
28 silly addNameRange     '0.2.10',
28 silly addNameRange     '0.2.11',
28 silly addNameRange     '0.3.0' ] ]
29 silly addNamed famous-cli@0.3.0
30 verbose addNamed "0.3.0" is a plain semver version for famous-cli
31 silly cache afterAdd famous-cli@0.3.0
32 verbose afterAdd /Users/libin/.npm/famous-cli/0.3.0/package/package.json not in flight; writing
33 verbose afterAdd /Users/libin/.npm/famous-cli/0.3.0/package/package.json written
34 silly install resolved [ { name: 'famous-cli',
34 silly install resolved     version: '0.3.0',
34 silly install resolved     description: 'CLI interface for Famous Industries Web Services',
34 silly install resolved     main: 'index.js',
34 silly install resolved     repository:
34 silly install resolved      { type: 'git',
34 silly install resolved        url: 'https://github.famo.us/hub/famous-cli.git' },
34 silly install resolved     preferGlobal: 'true',
34 silly install resolved     bin: { famous: 'bin/famous.js' },
34 silly install resolved     scripts:
34 silly install resolved      { test: 'tap spec && npm run lint',
34 silly install resolved        lint: 'eslint bin/ lib/',
34 silly install resolved        debug: 'node --debug server.js' },
34 silly install resolved     contributors: [ [Object], [Object], [Object] ],
34 silly install resolved     license: 'MIT',
34 silly install resolved     dependencies:
34 silly install resolved      { async: '0.9.0',
34 silly install resolved        btoa: '1.1.2',
34 silly install resolved        chalk: '^1.0.0',
34 silly install resolved        'combined-stream': '^1.0.3',
34 silly install resolved        commander: '2.7.1',
34 silly install resolved        'fs-extra': '^0.18.3',
34 silly install resolved        inquirer: '0.8.2',
34 silly install resolved        isbinaryfile: '2.0.3',
34 silly install resolved        'latest-version': '^1.0.0',
34 silly install resolved        mime: '^1.3.4',
34 silly install resolved        'mime-types': '^2.0.12',
34 silly install resolved        minimist: '1.1.0',
34 silly install resolved        mixpanel: '^0.2.1',
34 silly install resolved        'node-rest-client': '1.4.4',
34 silly install resolved        'recursive-readdir': '1.2.1',
34 silly install resolved        slash: '^1.0.0',
34 silly install resolved        uuid: '^2.0.1',
34 silly install resolved        'tar-fs': '^1.5.1',
34 silly install resolved        'win-spawn': '^2.0.0' },
34 silly install resolved     devDependencies:
34 silly install resolved      { eslint: '^0.21.1',
34 silly install resolved        rewire: '2.3.1',
34 silly install resolved        sinon: '1.14.1',
34 silly install resolved        tap: '1.1.4' },
34 silly install resolved     gitHead: '776c3ce1d9882d269d94fcb2a73bfcf92babc565',
34 silly install resolved     _id: 'famous-cli@0.3.0',
34 silly install resolved     _shasum: 'cf258b5e880fda813cae971fffd5f71f5fe84807',
34 silly install resolved     _from: 'famous-cli@*',
34 silly install resolved     _npmVersion: '2.10.1',
34 silly install resolved     _nodeVersion: '0.10.38',
34 silly install resolved     _npmUser: { name: 'wgester', email: 'will@famo.us' },
34 silly install resolved     dist:
34 silly install resolved      { shasum: 'cf258b5e880fda813cae971fffd5f71f5fe84807',
34 silly install resolved        tarball: 'http://registry.npmjs.org/famous-cli/-/famous-cli-0.3.0.tgz' },
34 silly install resolved     maintainers: [ [Object], [Object], [Object], [Object] ],
34 silly install resolved     directories: {},
34 silly install resolved     _resolved: 'https://registry.npmjs.org/famous-cli/-/famous-cli-0.3.0.tgz',
34 silly install resolved     readme: 'ERROR: No README data found!' } ]
35 info install famous-cli@0.3.0 into /usr/local/lib
36 info installOne famous-cli@0.3.0
37 verbose installOne of famous-cli to /usr/local/lib not in flight; installing
38 verbose lock using /Users/libin/.npm/_locks/famous-cli-b68453d9db507a72.lock for /usr/local/lib/node_modules/famous-cli
39 silly install write writing famous-cli 0.3.0 to /usr/local/lib/node_modules/famous-cli
40 verbose unbuild lib/node_modules/famous-cli
41 info preuninstall famous-cli@0.2.8
42 info uninstall famous-cli@0.2.8
43 verbose unbuild rmStuff famous-cli@0.2.8 from /usr/local/lib/node_modules
44 silly gentlyRm /usr/local/bin/famous is being gently removed
45 silly gentlyRm verifying /usr/local is an npm working directory
46 silly gentlyRm containing path /usr/local is under npm's control, in /usr/local
47 silly gentlyRm deletion target /usr/local/bin/famous is under /usr/local
48 verbose gentlyRm vacuuming from /usr/local/bin/famous up to /usr/local
49 silly vacuum-fs removing /usr/local/bin/famous
50 verbose unlock done using /Users/libin/.npm/_locks/famous-cli-b68453d9db507a72.lock for /usr/local/lib/node_modules/famous-cli
51 verbose stack Error: EACCES, unlink '/usr/local/bin/famous'
51 verbose stack     at Error (native)
52 verbose cwd /Users/libin/deMobo-Apps/splashScreen/src/splashScreen
53 error Darwin 14.3.0
54 error argv "node" "/usr/local/bin/npm" "install" "-g" "famous-cli"
55 error node v0.12.4
56 error npm  v2.10.1
57 error path /usr/local/bin/famous
58 error code EACCES
59 error errno -13
60 error Error: EACCES, unlink '/usr/local/bin/famous'
60 error     at Error (native)
60 error  { [Error: EACCES, unlink '/usr/local/bin/famous'] errno: -13, code: 'EACCES', path: '/usr/local/bin/famous' }
61 error Please try running this command again as root/Administrator.
62 verbose exit [ -13, true ]
63 verbose unbuild lib/node_modules/famous-cli
64 info preuninstall famous-cli@0.2.8
65 info uninstall famous-cli@0.2.8
66 verbose unbuild rmStuff famous-cli@0.2.8 from /usr/local/lib/node_modules
67 silly gentlyRm /usr/local/bin/famous is being gently removed
68 silly gentlyRm verifying /usr/local is an npm working directory
69 silly gentlyRm containing path /usr/local is under npm's control, in /usr/local
70 silly gentlyRm deletion target /usr/local/bin/famous is under /usr/local
71 verbose gentlyRm vacuuming from /usr/local/bin/famous up to /usr/local
72 silly vacuum-fs removing /usr/local/bin/famous
73 error error rolling back Error: EACCES, unlink '/usr/local/bin/famous'
73 error error rolling back     at Error (native)
73 error error rolling back  { [Error: EACCES, unlink '/usr/local/bin/famous'] errno: -13, code: 'EACCES', path: '/usr/local/bin/famous' }
